<?xml version="1.0" encoding="UTF-8"?>
<testsuite xmlns:xsi="http://www.w3.org/2001/XMLSchema-instance" xsi:noNamespaceSchemaLocation="https://maven.apache.org/surefire/maven-surefire-plugin/xsd/surefire-test-report.xsd" name="com.trivago.room5.runners.CukesRunner" time="188.136" tests="13" errors="1" skipped="0" failures="0">
  <properties>
[...]
</properties>
  <testcase name="send contact form-positive" classname="contact form" time="22.381"/>
  <testcase name="try to send with missing fields" classname="contact form" time="13.917"/>
  <testcase name="try to send with missing fields" classname="contact form" time="12.31"/>
  <testcase name="try to send with missing fields" classname="contact form" time="13.795"/>
  <testcase name="try to send with missing fields" classname="contact form" time="12.692"/>
  <testcase name="try to send with missing fields" classname="contact form" time="12.84"/>
  <testcase name="try to send with missing fields" classname="contact form" time="13"/>
  <testcase name="try to send invalid E-Mail" classname="contact form" time="12.807"/>
  <testcase name="Email subscription to newsletter" classname="contact form" time="11.234"/>
  <testcase name="Invalid-Email subscription to newsletter" classname="contact form" time="8.566"/>
  <testcase name="Navigation to place" classname="Navigate to a destination" time="14.401"/>
  <testcase name="Search for any location on Magazine by using the search bar" classname="Search Menu" time="9.48"/>
  <testcase name="Search with destinations and recommended tags" classname="Search Menu" time="28.933">
    <error message="Expected condition failed: waiting for element to be clickable: [[ChromeDriver: chrome on WINDOWS (8b72619735c264f3fbf1db889ad7518f)] -&gt; xpath: //input[@class=&apos;input search-input&apos;]] (tried for 20 second(s) with 500 milliseconds interval)&#10;Build info: version: &apos;3.141.59&apos;, revision: &apos;e82be7d358&apos;, time: &apos;2018-11-14T08:17:03&apos;&#10;System info: host: &apos;CHE-PC&apos;, ip: &apos;192.168.0.171&apos;, os.name: &apos;Windows 7&apos;, os.arch: &apos;amd64&apos;, os.version: &apos;6.1&apos;, java.version: &apos;12.0.2&apos;&#10;Driver info: org.openqa.selenium.chrome.ChromeDriver&#10;Capabilities {acceptInsecureCerts: false, browserName: chrome, browserVersion: 84.0.4147.125, chrome: {chromedriverVersion: 84.0.4147.30 (48b3e868b4cc0..., userDataDir: C:\Users\Che\AppData\Local\...}, goog:chromeOptions: {debuggerAddress: localhost:56177}, javascriptEnabled: true, networkConnectionEnabled: false, pageLoadStrategy: normal, platform: WINDOWS, platformName: WINDOWS, proxy: Proxy(), setWindowRect: true, strictFileInteractability: false, timeouts: {implicit: 0, pageLoad: 300000, script: 30000}, unhandledPromptBehavior: dismiss and notify, webauthn:virtualAuthenticators: true}&#10;Session ID: 8b72619735c264f3fbf1db889ad7518f" type="org.openqa.selenium.TimeoutException">org.openqa.selenium.TimeoutException: 
Expected condition failed: waiting for element to be clickable: [[ChromeDriver: chrome on WINDOWS (8b72619735c264f3fbf1db889ad7518f)] -> xpath: //input[@class='input search-input']] (tried for 20 second(s) with 500 milliseconds interval)
Build info: version: '3.141.59', revision: 'e82be7d358', time: '2018-11-14T08:17:03'
System info: host: 'CHE-PC', ip: '192.168.0.171', os.name: 'Windows 7', os.arch: 'amd64', os.version: '6.1', java.version: '12.0.2'
Driver info: org.openqa.selenium.chrome.ChromeDriver
Capabilities {acceptInsecureCerts: false, browserName: chrome, browserVersion: 84.0.4147.125, chrome: {chromedriverVersion: 84.0.4147.30 (48b3e868b4cc0..., userDataDir: C:\Users\Che\AppData\Local\...}, goog:chromeOptions: {debuggerAddress: localhost:56177}, javascriptEnabled: true, networkConnectionEnabled: false, pageLoadStrategy: normal, platform: WINDOWS, platformName: WINDOWS, proxy: Proxy(), setWindowRect: true, strictFileInteractability: false, timeouts: {implicit: 0, pageLoad: 300000, script: 30000}, unhandledPromptBehavior: dismiss and notify, webauthn:virtualAuthenticators: true}
Session ID: 8b72619735c264f3fbf1db889ad7518f
</error>
    <system-err><![CDATA[Starting ChromeDriver 84.0.4147.30 (48b3e868b4cc0aa7e8149519690b6f6949e110a8-refs/branch-heads/4147@{#310}) on port 23746
Only local connections are allowed.
Please see https://chromedriver.chromium.org/security-considerations for suggestions on keeping ChromeDriver safe.
ChromeDriver was started successfully.
Aug. 15, 2020 12:23:42 VORM. org.openqa.selenium.remote.ProtocolHandshake createSession
INFO: Detected dialect: W3C
]]></system-err>
  </testcase>
</testsuite>